{"numFailedTestSuites":0,"numFailedTests":0,"numPassedTestSuites":1,"numPassedTests":4,"numPendingTestSuites":0,"numPendingTests":0,"numRuntimeErrorTestSuites":0,"numTodoTests":0,"numTotalTestSuites":1,"numTotalTests":4,"openHandles":[],"snapshot":{"added":0,"didUpdate":false,"failure":false,"filesAdded":0,"filesRemoved":0,"filesRemovedList":[],"filesUnmatched":0,"filesUpdated":0,"matched":0,"total":0,"unchecked":0,"uncheckedKeysByFile":[],"unmatched":0,"updated":0},"startTime":1760337536791,"success":true,"testResults":[{"assertionResults":[{"ancestorTitles":["Lógica del contador de clicks en 5s"],"duration":2,"failureDetails":[],"failureMessages":[],"fullName":"Lógica del contador de clicks en 5s increment() aumenta el valor en 1","invocations":1,"location":null,"numPassingAsserts":2,"retryReasons":[],"status":"passed","title":"increment() aumenta el valor en 1"},{"ancestorTitles":["Lógica del contador de clicks en 5s"],"duration":1,"failureDetails":[],"failureMessages":[],"fullName":"Lógica del contador de clicks en 5s resetClicks() reinicia el contador a 0","invocations":1,"location":null,"numPassingAsserts":1,"retryReasons":[],"status":"passed","title":"resetClicks() reinicia el contador a 0"},{"ancestorTitles":["Lógica del contador de clicks en 5s"],"duration":0,"failureDetails":[],"failureMessages":[],"fullName":"Lógica del contador de clicks en 5s addAttempt() agrega un nuevo intento con total de clicks","invocations":1,"location":null,"numPassingAsserts":1,"retryReasons":[],"status":"passed","title":"addAttempt() agrega un nuevo intento con total de clicks"},{"ancestorTitles":["Lógica del contador de clicks en 5s"],"duration":0,"failureDetails":[],"failureMessages":[],"fullName":"Lógica del contador de clicks en 5s getBestAttempt() devuelve el intento con más clicks","invocations":1,"location":null,"numPassingAsserts":2,"retryReasons":[],"status":"passed","title":"getBestAttempt() devuelve el intento con más clicks"}],"endTime":1760337537109,"message":"","name":"C:\\Users\\PC\\Desktop\\UDLA\\Semestre 9\\Procesos de Software\\PipelineJenkins\\__tests__\\script.test.js","startTime":1760337536849,"status":"passed","summary":""}],"wasInterrupted":false,"coverageMap":{"C:\\Users\\PC\\Desktop\\UDLA\\Semestre 9\\Procesos de Software\\PipelineJenkins\\logic.js":{"path":"C:\\Users\\PC\\Desktop\\UDLA\\Semestre 9\\Procesos de Software\\PipelineJenkins\\logic.js","statementMap":{"0":{"start":{"line":3,"column":2},"end":{"line":3,"column":35}},"1":{"start":{"line":7,"column":2},"end":{"line":7,"column":29}},"2":{"start":{"line":8,"column":2},"end":{"line":8,"column":23}},"3":{"start":{"line":12,"column":2},"end":{"line":12,"column":11}},"4":{"start":{"line":15,"column":2},"end":{"line":15,"column":20}},"5":{"start":{"line":19,"column":2},"end":{"line":19,"column":57}}},"fnMap":{"0":{"name":"getPercentage","decl":{"start":{"line":2,"column":16},"end":{"line":2,"column":29}},"loc":{"start":{"line":2,"column":48},"end":{"line":4,"column":1}},"line":2},"1":{"name":"addAttempt","decl":{"start":{"line":6,"column":16},"end":{"line":6,"column":26}},"loc":{"start":{"line":6,"column":50},"end":{"line":9,"column":1}},"line":6},"2":{"name":"resetClicks","decl":{"start":{"line":11,"column":16},"end":{"line":11,"column":27}},"loc":{"start":{"line":11,"column":30},"end":{"line":13,"column":1}},"line":11},"3":{"name":"increment","decl":{"start":{"line":14,"column":16},"end":{"line":14,"column":25}},"loc":{"start":{"line":14,"column":34},"end":{"line":16,"column":1}},"line":14},"4":{"name":"getBestAttempt","decl":{"start":{"line":18,"column":16},"end":{"line":18,"column":30}},"loc":{"start":{"line":18,"column":41},"end":{"line":20,"column":1}},"line":18}},"branchMap":{"0":{"loc":{"start":{"line":2,"column":38},"end":{"line":2,"column":46}},"type":"default-arg","locations":[{"start":{"line":2,"column":44},"end":{"line":2,"column":46}}],"line":2},"1":{"loc":{"start":{"line":19,"column":9},"end":{"line":19,"column":56}},"type":"cond-expr","locations":[{"start":{"line":19,"column":31},"end":{"line":19,"column":52}},{"start":{"line":19,"column":55},"end":{"line":19,"column":56}}],"line":19}},"s":{"0":0,"1":1,"2":1,"3":1,"4":2,"5":2},"f":{"0":0,"1":1,"2":1,"3":2,"4":2},"b":{"0":[0],"1":[1,1]},"_coverageSchema":"1a1c01bbd47fc00a2c39e90264f33305004495a9","hash":"a965e4fe3b0283ccbd102d8e36ac2f8a67343305"}}}
