{"numFailedTestSuites":0,"numFailedTests":0,"numPassedTestSuites":1,"numPassedTests":4,"numPendingTestSuites":0,"numPendingTests":0,"numRuntimeErrorTestSuites":0,"numTodoTests":0,"numTotalTestSuites":1,"numTotalTests":4,"openHandles":[],"snapshot":{"added":0,"didUpdate":false,"failure":false,"filesAdded":0,"filesRemoved":0,"filesRemovedList":[],"filesUnmatched":0,"filesUpdated":0,"matched":0,"total":0,"unchecked":0,"uncheckedKeysByFile":[],"unmatched":0,"updated":0},"startTime":1760950427973,"success":true,"testResults":[{"assertionResults":[{"ancestorTitles":["Funciones de manejo de clicks"],"duration":2,"failureDetails":[],"failureMessages":[],"fullName":"Funciones de manejo de clicks increment() aumenta el valor en 1","invocations":1,"location":null,"numPassingAsserts":2,"retryReasons":[],"status":"passed","title":"increment() aumenta el valor en 1"},{"ancestorTitles":["Funciones de manejo de clicks"],"duration":0,"failureDetails":[],"failureMessages":[],"fullName":"Funciones de manejo de clicks resetClicks() reinicia el contador a 0","invocations":1,"location":null,"numPassingAsserts":1,"retryReasons":[],"status":"passed","title":"resetClicks() reinicia el contador a 0"},{"ancestorTitles":["Funciones de manejo de clicks"],"duration":1,"failureDetails":[],"failureMessages":[],"fullName":"Funciones de manejo de clicks addAttempt() agrega un nuevo intento con total de clicks","invocations":1,"location":null,"numPassingAsserts":1,"retryReasons":[],"status":"passed","title":"addAttempt() agrega un nuevo intento con total de clicks"},{"ancestorTitles":["Funciones de manejo de clicks"],"duration":1,"failureDetails":[],"failureMessages":[],"fullName":"Funciones de manejo de clicks getBestAttempt() devuelve el intento con más clicks","invocations":1,"location":null,"numPassingAsserts":2,"retryReasons":[],"status":"passed","title":"getBestAttempt() devuelve el intento con más clicks"}],"endTime":1760950428295,"message":"","name":"C:\\Users\\PC\\Desktop\\UDLA\\Semestre 9\\Procesos de Software\\PipelineJenkins\\__tests__\\script.test.js","startTime":1760950428029,"status":"passed","summary":""}],"wasInterrupted":false,"coverageMap":{"C:\\Users\\PC\\Desktop\\UDLA\\Semestre 9\\Procesos de Software\\PipelineJenkins\\logic.js":{"path":"C:\\Users\\PC\\Desktop\\UDLA\\Semestre 9\\Procesos de Software\\PipelineJenkins\\logic.js","statementMap":{"0":{"start":{"line":2,"column":2},"end":{"line":2,"column":29}},"1":{"start":{"line":3,"column":2},"end":{"line":3,"column":23}},"2":{"start":{"line":7,"column":2},"end":{"line":7,"column":11}},"3":{"start":{"line":10,"column":2},"end":{"line":10,"column":20}},"4":{"start":{"line":14,"column":2},"end":{"line":14,"column":57}},"5":{"start":{"line":18,"column":0},"end":{"line":25,"column":1}},"6":{"start":{"line":19,"column":2},"end":{"line":24,"column":4}}},"fnMap":{"0":{"name":"addAttempt","decl":{"start":{"line":1,"column":16},"end":{"line":1,"column":26}},"loc":{"start":{"line":1,"column":50},"end":{"line":4,"column":1}},"line":1},"1":{"name":"resetClicks","decl":{"start":{"line":6,"column":16},"end":{"line":6,"column":27}},"loc":{"start":{"line":6,"column":30},"end":{"line":8,"column":1}},"line":6},"2":{"name":"increment","decl":{"start":{"line":9,"column":16},"end":{"line":9,"column":25}},"loc":{"start":{"line":9,"column":34},"end":{"line":11,"column":1}},"line":9},"3":{"name":"getBestAttempt","decl":{"start":{"line":13,"column":16},"end":{"line":13,"column":30}},"loc":{"start":{"line":13,"column":41},"end":{"line":15,"column":1}},"line":13}},"branchMap":{"0":{"loc":{"start":{"line":14,"column":9},"end":{"line":14,"column":56}},"type":"cond-expr","locations":[{"start":{"line":14,"column":31},"end":{"line":14,"column":52}},{"start":{"line":14,"column":55},"end":{"line":14,"column":56}}],"line":14},"1":{"loc":{"start":{"line":18,"column":0},"end":{"line":25,"column":1}},"type":"if","locations":[{"start":{"line":18,"column":0},"end":{"line":25,"column":1}},{"start":{},"end":{}}],"line":18}},"s":{"0":1,"1":1,"2":1,"3":2,"4":2,"5":1,"6":0},"f":{"0":1,"1":1,"2":2,"3":2},"b":{"0":[1,1],"1":[0,1]},"_coverageSchema":"1a1c01bbd47fc00a2c39e90264f33305004495a9","hash":"8a5df7a05b97348ca1c51f38b67490fa61bca6aa"}}}
