<?xml version="1.0" encoding="UTF-8"?>
<coverage generated="1760401926269" clover="3.2.0">
  <project timestamp="1760401926270" name="All files">
    <metrics statements="8" coveredstatements="6" conditionals="5" coveredconditionals="3" methods="5" coveredmethods="4" elements="18" coveredelements="13" complexity="0" loc="8" ncloc="8" packages="1" files="1" classes="1"/>
    <file name="logic.js" path="C:\ProgramData\Jenkins\.jenkins\workspace\contador-deploy-github-pages\logic.js">
      <metrics statements="8" coveredstatements="6" conditionals="5" coveredconditionals="3" methods="5" coveredmethods="4"/>
      <line num="3" count="0" type="stmt"/>
      <line num="7" count="1" type="stmt"/>
      <line num="8" count="1" type="stmt"/>
      <line num="12" count="1" type="stmt"/>
      <line num="15" count="2" type="stmt"/>
      <line num="19" count="2" type="cond" truecount="2" falsecount="0"/>
      <line num="23" count="1" type="cond" truecount="1" falsecount="1"/>
      <line num="24" count="0" type="stmt"/>
    </file>
  </project>
</coverage>
